[2026-02-16 11:23:26.227] [info] Loading query bank from: data/query_bank.yaml
[2026-02-16 11:23:26.228] [info] Loaded 20 queries from bank
[2026-02-16 11:23:26.575] [info] Fetching rate limit from GitHub API
[2026-02-16 11:23:26.921] [info] API rate limit: 4999/5000 requests remaining
[2026-02-16 11:23:26.922] [info] Loading patterns from: config/patterns.yaml
[2026-02-16 11:23:26.989] [info] Loaded 8 patterns
[2026-02-16 11:23:26.989] [info] Starting continuous random scanning mode
[2026-02-16 11:23:26.989] [info] Press Ctrl+C to stop
[2026-02-16 11:23:26.989] [info] Query bank has 20 queries loaded
[2026-02-16 11:23:26.989] [info] 
[2026-02-16 11:23:26.989] [info] === Scan #1 ===
[2026-02-16 11:23:26.989] [info] Randomly selected: Discord Bot Tutorial Projects
[2026-02-16 11:23:26.989] [info] 
[2026-02-16 11:23:26.992] [info] Starting scan: Discord Bot Tutorial Projects
[2026-02-16 11:23:26.992] [info] Starting scan with query: discord bot tutorial language:Python stars:<3 created:>2026-02-01
[2026-02-16 11:23:26.992] [info] Maximum repositories to scan: 50
[2026-02-16 11:23:26.992] [info] Searching repositories with query: discord bot tutorial language:Python stars:<3 created:>2026-02-01
[2026-02-16 11:23:27.431] [info] Found 1 repositories
[2026-02-16 11:23:27.435] [info] Found 1 repositories to scan
[2026-02-16 11:23:27.435] [info] Scanning narutouchiha12554-art/discord-bot ...
[2026-02-16 11:23:38.886] [info] Scan complete! Scanned 1 new repositories
[2026-02-16 11:23:38.886] [info] Scan complete!
[2026-02-16 11:23:38.886] [info] 
[2026-02-16 11:23:38.886] [info] Completed scan #1. Starting next scan...
[2026-02-16 11:23:38.886] [info] 
[2026-02-16 11:23:38.886] [info] === Scan #2 ===
[2026-02-16 11:23:38.886] [info] Randomly selected: WhatsApp Bot
[2026-02-16 11:23:38.886] [info] 
[2026-02-16 11:23:38.886] [info] Loaded 1 previously scanned repositories
[2026-02-16 11:23:38.886] [info] Starting scan: WhatsApp Bot
[2026-02-16 11:23:38.886] [info] Starting scan with query: whatsapp bot language:Python stars:<5
[2026-02-16 11:23:38.886] [info] Maximum repositories to scan: 50
[2026-02-16 11:23:38.886] [info] Searching repositories with query: whatsapp bot language:Python stars:<5
[2026-02-16 11:23:40.845] [info] Found 50 repositories
[2026-02-16 11:23:40.849] [info] Found 50 repositories to scan
[2026-02-16 11:23:40.849] [info] Scanning edoylol/whatsapp-python-bot ...
[2026-02-16 11:23:51.683] [info] Scanning siyei/python-whatsapp-bot ...
[2026-02-16 11:24:02.436] [info] Scanning athanipd6200/whatsapp_bot_YT ...
[2026-02-16 11:24:13.802] [info] Scanning Aqua-4/whatsapp-chatbot ...
[2026-02-16 11:24:27.030] [info] Scanning paulowiz/whatsappBot ...
[2026-02-16 11:24:37.865] [info] Scanning Rex-Arnab/Whatsapp-Bot-Jarvis ...
[2026-02-16 11:24:48.203] [info] Scanning habibtalib/WhatsappPy ...
[2026-02-16 11:25:00.399] [info] Scanning Balaji08/whatsapp-bot ...
[2026-02-16 11:25:03.711] [info] Found file: config.py (247 bytes)
[2026-02-16 11:25:10.633] [info] Scanning domgjntoki/WhatsappAnimeBot ...
[2026-02-16 11:25:21.181] [info] Scanning 99x/covid19-whatsapp ...
[2026-02-16 11:25:24.192] [info] Found file: config.yml (81 bytes)
[2026-02-16 11:25:31.901] [info] Scanning tharaka1234567890/AstroBot-MD ...
[2026-02-16 11:25:44.427] [info] Scanning vaporcrash/Whatsapp-bot ...
[2026-02-16 11:25:55.691] [info] Scanning navaniharsh31/whatsapp-bot ...
[2026-02-16 11:26:08.490] [info] Scanning gathuaalex/whatsapp-bot ...
[2026-02-16 11:26:21.290] [info] Scanning oxybes/Chat-Api_WhatsApp_Bot ...
[2026-02-16 11:26:32.044] [info] Scanning mdurmuss/whatsApp-Bot ...
[2026-02-16 11:26:42.081] [info] Scanning adwisatya/whatsapp-bot-broadcaster ...
[2026-02-16 11:26:53.225] [info] Scanning RohanDas28/Whatsapp-Spam-bot ...
[2026-02-16 11:27:04.503] [info] Scanning AlexFuster/Whatsapp-bot ...
[2026-02-16 11:27:16.282] [info] Scanning LuisCioffi/wabot ...
[2026-02-16 11:27:27.545] [info] Scanning thelastcig/BotWhatsapp ...
[2026-02-16 11:27:38.706] [info] Scanning gupta-saransh/Whatsapp-automation-bot ...
[2026-02-16 11:27:50.795] [info] Scanning gustavoSoriano/whatsapp-bot-python3 ...
[2026-02-16 11:28:02.984] [info] Scanning kalbhor/Whatsapp-BotChat ...
[2026-02-16 11:28:15.589] [info] Scanning heckmon/FalcoraBot ...
[2026-02-16 11:28:28.273] [info] Scanning jasontjahjono/whatsapp_bot ...
[2026-02-16 11:28:41.067] [info] Scanning carlaMorral/Whalphabet ...
[2026-02-16 11:28:53.868] [info] Scanning shakedNissanov/WhatsappBot ...
[2026-02-16 11:29:04.927] [info] Scanning rajneesh44/WhatsappBot ...
[2026-02-16 11:29:15.994] [info] Scanning virejdasani/WhatsappBot ...
[2026-02-16 11:29:26.534] [info] Scanning heykush/Whatsapp-MultiUser ...
[2026-02-16 11:29:38.006] [info] Scanning mostepunk/whatsapp-bot ...
[2026-02-16 11:29:49.274] [info] Scanning DarshanPatel11/whatsapp-bot ...
[2026-02-16 11:30:00.838] [info] Scanning searchformyusername/whatsapp-bot ...
[2026-02-16 11:30:11.771] [info] Scanning belelaritra/W-ambulance ...
[2026-02-16 11:30:23.980] [info] Scanning ateistmiwka/WhatsappBOT ...
[2026-02-16 11:30:35.962] [info] Scanning udarasanka0/WhatsApp_Spam_BOT ...
[2026-02-16 11:30:48.147] [info] Scanning RameshAditya/web-whatsapp-bot ...
[2026-02-16 11:31:00.129] [info] Scanning rogeriofalcone/wauto ...
[2026-02-16 11:31:11.863] [info] Scanning baum1810/whatsapp-spammbot ...
[2026-02-16 11:31:23.169] [info] Scanning Nubuki-all/Genshin_bot ...
[2026-02-16 11:31:37.300] [info] Scanning LarissaGuder/Whatsapp-bot ...
[2026-02-16 11:31:49.281] [info] Scanning arinzejustin/whatsapp-bot ...
[2026-02-16 11:32:08.036] [info] Scanning intrepidkarthi/whatsbot ...
[2026-02-16 11:32:20.000] [info] Scanning G-Sudarshan/Github-to-Whatsapp-Push-Notifier ...
[2026-02-16 11:32:34.542] [info] Scanning NandhaxD/whatsApp_Bot ...
[2026-02-16 11:32:39.469] [info] Found file: config.py (864 bytes)
[2026-02-16 11:32:46.321] [info] Scanning Fr4ncisTaylor/zapbot ...
[2026-02-16 11:32:50.220] [info] Found file: config.py (625 bytes)
[2026-02-16 11:32:57.480] [info] Scanning lanfran02/WhaBot ...
[2026-02-16 11:33:09.768] [info] Skipped 2 repositories (archived or already scanned)
[2026-02-16 11:33:09.768] [info] Scan complete! Scanned 48 new repositories
[2026-02-16 11:33:09.768] [info] Scan complete!
[2026-02-16 11:33:09.768] [info] 
[2026-02-16 11:33:09.768] [info] Completed scan #2. Starting next scan...
[2026-02-16 11:33:09.768] [info] 
[2026-02-16 11:33:09.768] [info] === Scan #3 ===
[2026-02-16 11:33:09.768] [info] Randomly selected: Reddit Bot PRAW
[2026-02-16 11:33:09.768] [info] 
[2026-02-16 11:33:09.768] [info] Loaded 49 previously scanned repositories
[2026-02-16 11:33:09.768] [info] Starting scan: Reddit Bot PRAW
[2026-02-16 11:33:09.768] [info] Starting scan with query: reddit bot praw stars:<3 created:>2026-02-01
[2026-02-16 11:33:09.768] [info] Maximum repositories to scan: 50
[2026-02-16 11:33:09.768] [info] Searching repositories with query: reddit bot praw stars:<3 created:>2026-02-01
[2026-02-16 11:33:10.699] [info] Found 0 repositories
[2026-02-16 11:33:10.700] [warning] No repositories found matching query
[2026-02-16 11:33:10.700] [info] Scan complete!
[2026-02-16 11:33:10.700] [info] 
[2026-02-16 11:33:10.700] [info] Completed scan #3. Starting next scan...
[2026-02-16 11:33:10.700] [info] 
[2026-02-16 11:33:10.700] [info] === Scan #4 ===
[2026-02-16 11:33:10.700] [info] Randomly selected: Reddit Bot PRAW
[2026-02-16 11:33:10.700] [info] 
[2026-02-16 11:33:10.701] [info] Loaded 49 previously scanned repositories
[2026-02-16 11:33:10.701] [info] Starting scan: Reddit Bot PRAW
[2026-02-16 11:33:10.701] [info] Starting scan with query: reddit bot praw stars:<3 created:>2026-02-01
[2026-02-16 11:33:10.701] [info] Maximum repositories to scan: 50
[2026-02-16 11:33:10.701] [info] Searching repositories with query: reddit bot praw stars:<3 created:>2026-02-01
[2026-02-16 11:33:11.620] [info] Found 0 repositories
[2026-02-16 11:33:11.622] [warning] No repositories found matching query
[2026-02-16 11:33:11.622] [info] Scan complete!
[2026-02-16 11:33:11.622] [info] 
[2026-02-16 11:33:11.622] [info] Completed scan #4. Starting next scan...
[2026-02-16 11:33:11.622] [info] 
[2026-02-16 11:33:11.622] [info] === Scan #5 ===
[2026-02-16 11:33:11.622] [info] Randomly selected: Bot Config Example
[2026-02-16 11:33:11.622] [info] 
[2026-02-16 11:33:11.623] [info] Loaded 49 previously scanned repositories
[2026-02-16 11:33:11.623] [info] Starting scan: Bot Config Example
[2026-02-16 11:33:11.623] [info] Starting scan with query: bot config.json stars:<3
[2026-02-16 11:33:11.623] [info] Maximum repositories to scan: 50
[2026-02-16 11:33:11.623] [info] Searching repositories with query: bot config.json stars:<3
[2026-02-16 11:33:13.755] [info] Found 50 repositories
[2026-02-16 11:33:13.758] [info] Found 50 repositories to scan
[2026-02-16 11:33:13.758] [info] Scanning KeemROH-Development/Land-of-Lust-NSFW-Discord-Bot ...
[2026-02-16 11:33:16.230] [info] Found file: config.json (289 bytes)
[2026-02-16 11:33:26.153] [info] Scanning chris457/PokemonGo_config ...
[2026-02-16 11:33:29.132] [info] Found file: config.json (4508 bytes)
[2026-02-16 11:33:37.210] [info] Scanning Madonnaaa/DJSV13-BotDiscord ...
[2026-02-16 11:33:39.886] [info] Found file: config.json (401 bytes)
[2026-02-16 11:33:48.679] [info] Scanning GrunclePug/GruncleBotConfigBuilder ...
[2026-02-16 11:33:59.954] [info] Scanning NCCoder2/OnlineMCBot ...
[2026-02-16 11:34:03.642] [info] Found file: config.json (65 bytes)
[2026-02-16 11:34:14.180] [info] Scanning abe27/bot-rebalance-bitkub ...
[2026-02-16 11:34:17.057] [info] Found file: config.json (95 bytes)
[2026-02-16 11:34:26.159] [info] Scanning WhiteCat44115/Discord-online-bot ...
[2026-02-16 11:34:29.343] [info] Found file: config.json (68 bytes)
[2026-02-16 11:34:37.745] [info] Scanning fedeisalone/verifybot ...
[2026-02-16 11:34:40.199] [info] Found file: config.json (289 bytes)
[2026-02-16 11:34:49.609] [info] Scanning tolgahanbora/Mail-GeneratorBot ...
[2026-02-16 11:35:00.975] [info] Scanning Yperbu9474/Basic-moderation-bot ...
[2026-02-16 11:35:03.854] [info] Found file: config.json (54 bytes)
[2026-02-16 11:35:14.187] [info] Scanning Azanpopz/telegram-porn-bot ...
[2026-02-16 11:35:16.654] [info] Found file: config.json (199 bytes)
[2026-02-16 11:35:25.244] [info] Scanning shivaxrq/v14-priv-bot ...
[2026-02-16 11:35:39.584] [info] Scanning shibarmycto/minimal-jailbreak-bot-secure-updated ...
[2026-02-16 11:35:51.766] [info] Scanning Luxzuri/CringyBot ...
[2026-02-16 11:35:54.150] [info] Found file: config.json (227 bytes)
[2026-02-16 11:36:03.444] [info] Scanning phpompermayer/js-discord-bot ...
[2026-02-16 11:36:14.601] [info] Scanning Bella-deb/deploy-slash-commands-script ...
[2026-02-16 11:36:25.762] [info] Scanning Angellmao/angel-nuker ...
[2026-02-16 11:36:28.232] [info] Found file: config.json (35 bytes)
[2026-02-16 11:36:37.744] [info] Scanning washednico/Trading-Bot-404 ...
[2026-02-16 11:36:40.213] [info] Found file: config.json (636 bytes)
[2026-02-16 11:36:50.134] [info] Scanning Aadiwrth/FBTODC ...
[2026-02-16 11:36:51.785] [info] Found file: .env.example (294 bytes)
[2026-02-16 11:37:02.832] [info] Scanning malken21/discord_Time_signal_bot ...
[2026-02-16 11:37:15.942] [info] Scanning IKattI/Kat-Self-bot ...
[2026-02-16 11:37:19.227] [info] Found file: config.json (214 bytes)
[2026-02-16 11:37:29.182] [info] Scanning Dr17on/Apuestas-1 ...
[2026-02-16 11:37:40.106] [info] Scanning BAKK3/AfkBotMC ...
[2026-02-16 11:37:49.834] [info] Scanning synclobbybotfn/LobbyBot ...
[2026-02-16 11:37:52.799] [info] Found file: config.json (428 bytes)
[2026-02-16 11:38:02.020] [info] Scanning codebyBarni/Alap-discord-bot ...
[2026-02-16 11:38:05.205] [info] Found file: config.json (51 bytes)
[2026-02-16 11:38:15.229] [info] Scanning itzfallenme/Arsky-self-bot-4 ...
[2026-02-16 11:38:25.469] [info] Scanning k2wGG/geturanium_bot ...
[2026-02-16 11:38:27.630] [info] Found file: config.json (680 bytes)
[2026-02-16 11:38:35.710] [info] Scanning Soft-Horse/Discord-Bot ...
[2026-02-16 11:38:38.588] [info] Found file: config.json (57 bytes)
[2026-02-16 11:38:47.793] [info] Scanning MrPaulon/Bot-DiscordJsV14 ...
[2026-02-16 11:38:50.466] [info] Found file: config.json (49 bytes)
[2026-02-16 11:38:58.650] [info] Scanning NotHarry1/Draco-Nuker-Bot ...
[2026-02-16 11:39:02.038] [info] Found file: config.json (183 bytes)
[2026-02-16 11:39:09.284] [info] Scanning Nzthaan/discord-bot-nuker ...
[2026-02-16 11:39:12.392] [info] Found file: config.json (1100 bytes)
[2026-02-16 11:39:20.049] [info] Scanning p8wer/discord_message_replacer ...
[2026-02-16 11:39:22.883] [info] Found file: config.json (276 bytes)
[2026-02-16 11:39:31.723] [info] Scanning M4xter/Bot-Protect-Discord-Avanc- ...
[2026-02-16 11:39:43.601] [info] Scanning RubenNL/discordIP ...
[2026-02-16 11:39:46.377] [info] Found file: config.json (120 bytes)
[2026-02-16 11:39:54.968] [info] Scanning Nakano-Yukiyo/MCPalette-With-Perlin-Noise-v0.0.1o ...
[2026-02-16 11:39:57.947] [info] Found file: config.json (162 bytes)
[2026-02-16 11:40:07.563] [info] Scanning MaxProgramm/discordEmailBridge ...
[2026-02-16 11:40:10.953] [info] Found file: config.json (314 bytes)
[2026-02-16 11:40:20.466] [info] Scanning H4r1eyDev/Utility-Bot ...
[2026-02-16 11:40:23.344] [info] Found file: config.json (5914 bytes)
[2026-02-16 11:40:31.730] [info] Scanning Discord0x/Oxyg3n_Nuker ...
[2026-02-16 11:40:35.018] [info] Found file: config.json (294 bytes)
[2026-02-16 11:40:44.530] [info] Scanning Const-DC/EPIC-RPG-GRINDING-SELF-BOT-FOR-DISCORD ...
[2026-02-16 11:40:47.715] [info] Found file: config.json (866 bytes)
[2026-02-16 11:40:56.205] [info] Scanning Developer-Vossem/Most-Advanced-DM-Discord-Bot ...
[2026-02-16 11:41:07.979] [info] Scanning malken21/Discord_AutoRole ...
[2026-02-16 11:41:19.654] [info] Scanning joaonishikawa/DiscordBot-CapitalClub ...
[2026-02-16 11:41:22.122] [info] Found file: config.json (140 bytes)
[2026-02-16 11:41:30.302] [info] Scanning DhashVenethaG/AI_INTERVIEW-BOT ...
[2026-02-16 11:41:33.079] [info] Found file: config.json (688 bytes)
[2026-02-16 11:41:40.936] [info] Scanning sgorivyasnomplameni/python_LogAlertBot ...
[2026-02-16 11:41:44.241] [info] Found file: config.json (72 bytes)
[2026-02-16 11:41:52.729] [info] Scanning EugeneLitke/TradeBot ...
[2026-02-16 11:42:05.120] [info] Scanning beaf4n/example-bot-discord ...
[2026-02-16 11:42:07.486] [info] Found file: config.json (75 bytes)
[2026-02-16 11:42:16.076] [info] Scanning Boos-dc/Discort-Minecraft-server-bot-altyap- ...
[2026-02-16 11:42:18.954] [info] Found file: config.json (353 bytes)
[2026-02-16 11:42:27.750] [info] Scanning Quyendodo/quyen ...
[2026-02-16 11:42:40.653] [info] Skipped 2 repositories (archived or already scanned)
[2026-02-16 11:42:40.653] [info] Scan complete! Scanned 48 new repositories
[2026-02-16 11:42:40.653] [info] Scan complete!
[2026-02-16 11:42:40.653] [info] 
[2026-02-16 11:42:40.653] [info] Completed scan #5. Starting next scan...
[2026-02-16 11:42:40.653] [info] 
[2026-02-16 11:42:40.653] [info] === Scan #6 ===
[2026-02-16 11:42:40.653] [info] Randomly selected: Node.js Discord Bot
[2026-02-16 11:42:40.653] [info] 
[2026-02-16 11:42:40.653] [info] Loaded 97 previously scanned repositories
[2026-02-16 11:42:40.653] [info] Starting scan: Node.js Discord Bot
[2026-02-16 11:42:40.653] [info] Starting scan with query: node.js discord bot stars:<5 created:>2026-02-05
[2026-02-16 11:42:40.653] [info] Maximum repositories to scan: 50
[2026-02-16 11:42:40.653] [info] Searching repositories with query: node.js discord bot stars:<5 created:>2026-02-05
[2026-02-16 11:42:41.996] [info] Found 13 repositories
[2026-02-16 11:42:41.998] [info] Found 13 repositories to scan
[2026-02-16 11:42:41.998] [info] Scanning Badjajdd/discord-bot ...
[2026-02-16 11:42:45.579] [info] Found file: config.json (946 bytes)
[2026-02-16 11:42:54.374] [info] Scanning doobigal85-cloud/discord-bot ...
[2026-02-16 11:43:06.559] [info] Scanning BurhanDevelopper/burhan-bot ...
[2026-02-16 11:43:06.876] [warning] Failed to fetch file: HTTP 503
[2026-02-16 11:43:17.107] [info] Scanning blueberry082/myDiscordBot_js ...
[2026-02-16 11:43:28.883] [info] Scanning enzoudev/discord-ticket-bot ...
[2026-02-16 11:43:39.231] [info] Scanning UMEBOSHIISAN/discord-custom-emoji-slot-bot ...
[2026-02-16 11:43:40.629] [info] Found file: .env.example (889 bytes)
[2026-02-16 11:43:49.671] [info] Scanning enzoudev/discord-ticket-system ...
[2026-02-16 11:44:00.833] [info] Scanning oskarblazej/NYT-Wordle-Discord-Bot ...
[2026-02-16 11:44:12.916] [info] Scanning gustaslaoq/Discord-Remote-Screenshot-Bot ...
[2026-02-16 11:44:25.409] [info] Scanning ryanarcxive/Eclipxse-Music ...
[2026-02-16 11:44:27.365] [info] Found file: .env.example (44 bytes)
[2026-02-16 11:44:36.365] [info] Scanning MiniSharkCraft/GreenLeaf-Bot ...
[2026-02-16 11:44:48.042] [info] Scanning LynX197-dev/Dynamic-Discord-UM- ...
[2026-02-16 11:44:59.751] [info] Scanning Azazelx0/apex-manager ...
[2026-02-16 11:45:02.079] [info] Found file: .env.example (283 bytes)
[2026-02-16 11:45:11.534] [info] Scan complete! Scanned 13 new repositories
[2026-02-16 11:45:11.534] [info] Scan complete!
[2026-02-16 11:45:11.534] [info] 
[2026-02-16 11:45:11.534] [info] Completed scan #6. Starting next scan...
[2026-02-16 11:45:11.534] [info] 
[2026-02-16 11:45:11.534] [info] === Scan #7 ===
[2026-02-16 11:45:11.534] [info] Randomly selected: Discord Bot Token (Explicit)
[2026-02-16 11:45:11.534] [info] 
[2026-02-16 11:45:11.534] [info] Loaded 110 previously scanned repositories
[2026-02-16 11:45:11.534] [info] Starting scan: Discord Bot Token (Explicit)
[2026-02-16 11:45:11.534] [info] Starting scan with query: discord bot token stars:<5
[2026-02-16 11:45:11.534] [info] Maximum repositories to scan: 50
[2026-02-16 11:45:11.534] [info] Searching repositories with query: discord bot token stars:<5
[2026-02-16 11:45:13.660] [info] Found 50 repositories
[2026-02-16 11:45:13.663] [info] Found 50 repositories to scan
[2026-02-16 11:45:13.663] [info] Scanning galviy/discord-bot-token-checker ...
[2026-02-16 11:45:25.722] [info] Scanning 1Hive/price-bee ...
[2026-02-16 11:45:38.420] [info] Scanning Blessiscool/Discord-Server-Botter ...
[2026-02-16 11:45:45.702] [info] Found file: tokens.txt (11 bytes)
[2026-02-16 11:45:50.094] [info] Scanning EndenDragon/Creating-Discord ...
[2026-02-16 11:46:02.791] [info] Scanning EC2-Darky/Discord-Token-Checker-Bot ...
[2026-02-16 11:46:13.441] [info] Scanning Moonlana/spl-token-price-discord-bot ...
[2026-02-16 11:46:24.296] [info] Scanning jackcooper20/DEV-bot ...
[2026-02-16 11:46:34.637] [info] Scanning lifeliker9004/discord-booster-tool ...
[2026-02-16 11:46:46.922] [info] Scanning westtos/Discord-Fake-Verification-Bot ...
[2026-02-16 11:46:49.587] [info] Found file: config.json (259 bytes)
[2026-02-16 11:46:57.781] [info] Scanning cheesesoda/SolanabeachDiscordPriceBot ...
[2026-02-16 11:47:08.431] [info] Scanning Cloudzik1337/Discord-Nuker ...
[2026-02-16 11:47:20.743] [info] Scanning MrMouihbi/bep20-price-discord-bot ...
[2026-02-16 11:47:21.139] [info] Found file: .env (208 bytes)
[2026-02-16 11:47:31.983] [info] Scanning sam-xode/Auto-Faucet-Claim-in-Discord ...
[2026-02-16 11:47:43.861] [info] Scanning xanderfork/GhanaFuneralBot ...
[2026-02-16 11:47:47.151] [info] Found file: config.json (198 bytes)
[2026-02-16 11:47:55.637] [info] Scanning pbca26/tokel-discord-feed-bot ...
[2026-02-16 11:47:58.004] [info] Found file: config.json (305 bytes)
[2026-02-16 11:48:07.004] [info] Scanning NeikiDev/token ...
[2026-02-16 11:48:14.388] [info] Found file: tokens.txt (2436 bytes)
[2026-02-16 11:48:14.389] [warning] Found 2 potential secrets in NeikiDev/token/tokens.txt
[2026-02-16 11:48:14.389] [info] Wrote finding: NeikiDev/token/tokens.txt line 29 - Discord Token
[2026-02-16 11:48:14.390] [info] Wrote finding: NeikiDev/token/tokens.txt line 30 - Discord Token
[2026-02-16 11:48:19.702] [info] Scanning PieceOfCro/dex_price_bot ...
[2026-02-16 11:48:31.664] [info] Scanning myrayuo/discord-boost-bot ...
